{"/Users/diegosalazar/Desktop/Sudoku-project-master/src/sudoku.js": {"path":"/Users/diegosalazar/Desktop/Sudoku-project-master/src/sudoku.js","statementMap":{"0":{"start":{"line":2,"column":2},"end":{"line":2,"column":17}},"1":{"start":{"line":3,"column":2},"end":{"line":3,"column":23}},"2":{"start":{"line":17,"column":2},"end":{"line":19,"column":4}},"3":{"start":{"line":18,"column":4},"end":{"line":18,"column":23}}},"fnMap":{"0":{"name":"Sudoku","decl":{"start":{"line":1,"column":24},"end":{"line":1,"column":30}},"loc":{"start":{"line":1,"column":43},"end":{"line":6,"column":1}},"line":1},"1":{"name":"(anonymous_1)","decl":{"start":{"line":17,"column":31},"end":{"line":17,"column":32}},"loc":{"start":{"line":17,"column":42},"end":{"line":19,"column":3}},"line":17}},"branchMap":{},"s":{"0":2,"1":2,"2":1,"3":1},"f":{"0":2,"1":1},"b":{},"_coverageSchema":"43e27e138ebf9cfc5966b082cf9a028302ed4184","hash":"42b37c041aba6b695f8ad326ddc7cc5ede744b44"}
}
